[debug] [2024-05-08T06:19:23.305Z] ----------------------------------------------------------------------
[debug] [2024-05-08T06:19:23.308Z] Command:       c:\Program Files\nodejs\node.exe C:\Users\akshat.j.gupta\AppData\Roaming\npm\node_modules\firebase-tools\lib\bin\firebase.js init
[debug] [2024-05-08T06:19:23.308Z] CLI Version:   13.8.0
[debug] [2024-05-08T06:19:23.308Z] Platform:      win32
[debug] [2024-05-08T06:19:23.309Z] Node Version:  v20.11.1
[debug] [2024-05-08T06:19:23.309Z] Time:          Wed May 08 2024 11:49:23 GMT+0530 (India Standard Time)
[debug] [2024-05-08T06:19:23.309Z] ----------------------------------------------------------------------
[debug] 
[debug] [2024-05-08T06:19:23.315Z] > command requires scopes: ["email","openid","https://www.googleapis.com/auth/cloudplatformprojects.readonly","https://www.googleapis.com/auth/firebase","https://www.googleapis.com/auth/cloud-platform"]
[debug] [2024-05-08T06:19:23.315Z] > authorizing via signed-in user (guptaakshat3011@gmail.com)
[info] 
     ######## #### ########  ######## ########     ###     ######  ########
     ##        ##  ##     ## ##       ##     ##  ##   ##  ##       ##
     ######    ##  ########  ######   ########  #########  ######  ######
     ##        ##  ##    ##  ##       ##     ## ##     ##       ## ##
     ##       #### ##     ## ######## ########  ##     ##  ######  ########

You're about to initialize a Firebase project in this directory:

  C:\Users\akshat.j.gupta\OneDrive - Accenture\Personal\Frontend\pnl-chart

[info] 
=== Project Setup
[info] 
[info] First, let's associate this project directory with a Firebase project.
[info] You can create multiple project aliases by running firebase use --add, 
[info] but for now we'll just set up a default project.
[info] 
[debug] [2024-05-08T06:20:06.063Z] >>> [apiv2][query] GET https://firebase.googleapis.com/v1beta1/projects pageSize=100
[debug] [2024-05-08T06:20:06.950Z] <<< [apiv2][status] GET https://firebase.googleapis.com/v1beta1/projects 200
[debug] [2024-05-08T06:20:06.951Z] <<< [apiv2][body] GET https://firebase.googleapis.com/v1beta1/projects [omitted]
[info] i  Using project nifty-weekly-4c87a (Nifty Weekly) 
[info] 
=== Hosting Setup
[debug] [2024-05-08T06:20:09.159Z] >>> [apiv2][query] GET https://firebase.googleapis.com/v1beta1/projects/nifty-weekly-4c87a [none]
[debug] [2024-05-08T06:20:09.557Z] <<< [apiv2][status] GET https://firebase.googleapis.com/v1beta1/projects/nifty-weekly-4c87a 200
[debug] [2024-05-08T06:20:09.558Z] <<< [apiv2][body] GET https://firebase.googleapis.com/v1beta1/projects/nifty-weekly-4c87a {"projectId":"nifty-weekly-4c87a","projectNumber":"984423849987","displayName":"Nifty Weekly","name":"projects/nifty-weekly-4c87a","resources":{"hostingSite":"nifty-weekly-4c87a","realtimeDatabaseInstance":"nifty-weekly-4c87a-default-rtdb"},"state":"ACTIVE","etag":"1_a1d56694-52e2-4599-a03d-90c905d01161"}
[info] 
[info] Your public directory is the folder (relative to your project directory) that
[info] will contain Hosting assets to be uploaded with firebase deploy. If you
[info] have a build process for your assets, use your build's output directory.
[info] 
